<?xml version="1.0" encoding="UTF-8"?>
<testng-results ignored="0" total="2" passed="2" failed="0" skipped="0">
  <reporter-output>
  </reporter-output>
  <suite started-at="2023-10-18T09:19:46Z" name="Suite" finished-at="2023-10-18T09:19:52Z" duration-ms="6550">
    <groups>
    </groups>
    <test started-at="2023-10-18T09:19:46Z" name="Test" finished-at="2023-10-18T09:19:52Z" duration-ms="6550">
      <class name="api.tests.DataDrivenTest">
        <test-method signature="createUserDataTest(java.lang.String, java.lang.String, java.lang.String, java.lang.String, java.lang.String, java.lang.String)[pri:0, instance:api.tests.DataDrivenTest@efde75f]" started-at="2023-10-18T09:19:46Z" name="createUserDataTest" data-provider="getDataforcreateUser" finished-at="2023-10-18T09:19:50Z" duration-ms="3649" status="PASS">
          <params>
            <param index="0">
              <value>
                <![CDATA[Ankit]]>
              </value>
            </param>
            <param index="1">
              <value>
                <![CDATA[Rahul]]>
              </value>
            </param>
            <param index="2">
              <value>
                <![CDATA[Kayasth]]>
              </value>
            </param>
            <param index="3">
              <value>
                <![CDATA[aka@gmail.com]]>
              </value>
            </param>
            <param index="4">
              <value>
                <![CDATA[1234]]>
              </value>
            </param>
            <param index="5">
              <value>
                <![CDATA[233334444]]>
              </value>
            </param>
          </params>
          <reporter-output>
          </reporter-output>
        </test-method> <!-- createUserDataTest -->
        <test-method signature="createUserDataTest(java.lang.String, java.lang.String, java.lang.String, java.lang.String, java.lang.String, java.lang.String)[pri:0, instance:api.tests.DataDrivenTest@efde75f]" started-at="2023-10-18T09:19:50Z" name="createUserDataTest" data-provider="getDataforcreateUser" finished-at="2023-10-18T09:19:52Z" duration-ms="2159" status="PASS">
          <params>
            <param index="0">
              <value>
                <![CDATA[Ansh]]>
              </value>
            </param>
            <param index="1">
              <value>
                <![CDATA[Deepak]]>
              </value>
            </param>
            <param index="2">
              <value>
                <![CDATA[Kayasth]]>
              </value>
            </param>
            <param index="3">
              <value>
                <![CDATA[aka@gmail.com]]>
              </value>
            </param>
            <param index="4">
              <value>
                <![CDATA[1234]]>
              </value>
            </param>
            <param index="5">
              <value>
                <![CDATA[233334444]]>
              </value>
            </param>
          </params>
          <reporter-output>
          </reporter-output>
        </test-method> <!-- createUserDataTest -->
      </class> <!-- api.tests.DataDrivenTest -->
    </test> <!-- Test -->
  </suite> <!-- Suite -->
</testng-results>
