<?xml version="1.0" encoding="UTF-8"?>
<testng-results ignored="0" total="3" passed="3" failed="0" skipped="0">
  <reporter-output>
  </reporter-output>
  <suite started-at="2023-10-16T15:22:38 IST" name="Default suite" finished-at="2023-10-16T15:22:46 IST" duration-ms="8122">
    <groups>
    </groups>
    <test started-at="2023-10-16T15:22:38 IST" name="Default test" finished-at="2023-10-16T15:22:46 IST" duration-ms="8122">
      <class name="api.tests.UserTests">
        <test-method is-config="true" signature="setTestData()[pri:0, instance:api.tests.UserTests@791f145a]" started-at="2023-10-16T15:22:38 IST" name="setTestData" finished-at="2023-10-16T15:22:38 IST" duration-ms="60" status="PASS">
          <reporter-output>
          </reporter-output>
        </test-method> <!-- setTestData -->
        <test-method signature="createUserTest()[pri:1, instance:api.tests.UserTests@791f145a]" started-at="2023-10-16T15:22:38 IST" name="createUserTest" finished-at="2023-10-16T15:22:41 IST" duration-ms="2952" status="PASS">
          <reporter-output>
          </reporter-output>
        </test-method> <!-- createUserTest -->
        <test-method signature="getUserTest()[pri:2, instance:api.tests.UserTests@791f145a]" started-at="2023-10-16T15:22:41 IST" name="getUserTest" finished-at="2023-10-16T15:22:43 IST" duration-ms="1743" status="PASS">
          <reporter-output>
          </reporter-output>
        </test-method> <!-- getUserTest -->
        <test-method signature="updateUserTest()[pri:3, instance:api.tests.UserTests@791f145a]" started-at="2023-10-16T15:22:43 IST" name="updateUserTest" finished-at="2023-10-16T15:22:46 IST" duration-ms="3326" status="PASS">
          <reporter-output>
          </reporter-output>
        </test-method> <!-- updateUserTest -->
      </class> <!-- api.tests.UserTests -->
    </test> <!-- Default test -->
  </suite> <!-- Default suite -->
</testng-results>
