<?xml version="1.0" encoding="UTF-8"?>
<testng-results ignored="0" total="2" passed="2" failed="0" skipped="0">
  <reporter-output>
  </reporter-output>
  <suite started-at="2023-10-12T15:43:07 IST" name="Suite" finished-at="2023-10-12T15:43:10 IST" duration-ms="3240">
    <groups>
    </groups>
    <test started-at="2023-10-12T15:43:07 IST" name="Test" finished-at="2023-10-12T15:43:10 IST" duration-ms="3240">
      <class name="Day6.ShareVariable_UpdateUser">
        <test-method signature="updateUser(org.testng.ITestContext)[pri:0, instance:Day6.ShareVariable_UpdateUser@1e1a0406]" started-at="2023-10-12T15:43:09 IST" name="updateUser" finished-at="2023-10-12T15:43:10 IST" duration-ms="521" status="PASS">
          <params>
            <param index="0">
              <value>
                <![CDATA[org.testng.TestRunner@194fad1]]>
              </value>
            </param>
          </params>
          <reporter-output>
          </reporter-output>
        </test-method> <!-- updateUser -->
      </class> <!-- Day6.ShareVariable_UpdateUser -->
      <class name="Day6.SharingVariableCreateUser">
        <test-method signature="createUser(org.testng.ITestContext)[pri:0, instance:Day6.SharingVariableCreateUser@3c7f66c4]" started-at="2023-10-12T15:43:07 IST" name="createUser" finished-at="2023-10-12T15:43:09 IST" duration-ms="2671" status="PASS">
          <params>
            <param index="0">
              <value>
                <![CDATA[org.testng.TestRunner@194fad1]]>
              </value>
            </param>
          </params>
          <reporter-output>
          </reporter-output>
        </test-method> <!-- createUser -->
      </class> <!-- Day6.SharingVariableCreateUser -->
    </test> <!-- Test -->
  </suite> <!-- Suite -->
</testng-results>
